0 almond protein
1 anise vegetable
2 anise_seed vegetable
3 apple vegetable
4 apricot vegetable
5 artichoke vegetable
6 asparagus vegetable
7 avocado vegetable
8 bacon protein
9 banana vegetable
10 barley starch
11 basil vegetable
12 bay vegetable
13 bean protein
14 beef protein
15 beef_broth protein
16 beer starch
17 beet vegetable
18 bell_pepper vegetable
19 berry vegetable
20 bitter_orange vegetable
21 black_bean protein
22 blackberry vegetable
23 black_pepper vegetable
24 black_tea vegetable
25 blueberry vegetable
26 blue_cheese protein
27 bone_oil protein
28 bourbon_whiskey starch
29 brandy starch
30 bread starch
31 broccoli vegetable
32 brown_rice starch
33 brussels_sprout vegetable
34 buckwheat starch
35 butter protein
36 buttermilk protein
37 cabbage vegetable
38 cane_molasses vegetable
39 caraway vegetable
40 cardamom vegetable
41 carob vegetable
42 carrot vegetable
43 cashew vegetable
44 cassava starch
45 cauliflower vegetable
46 cayenne vegetable
47 celery vegetable
48 celery_oil vegetable
49 cereal starch
50 chamomile vegetable
51 champagne_wine starch
52 chayote vegetable
53 cheddar_cheese protein
54 cheese protein
55 cherry vegetable
56 cherry_brandy starch
57 chicken protein
58 chicken_broth protein
59 chickpea protein
60 chicory vegetable
61 chinese_cabbage vegetable
62 chive vegetable
63 cider vegetable
64 cilantro vegetable
65 cinnamon vegetable
66 citrus vegetable
67 clam protein
68 cocoa vegetable
69 coconut vegetable
70 cod protein
71 coffee vegetable
72 cognac starch
73 coriander vegetable
74 corn vegetable
75 corn_flake vegetable
76 corn_grit starch
77 cottage_cheese protein
78 crab protein
79 cranberry vegetable
80 cream protein
81 cream_cheese protein
82 cucumber vegetable
83 cumin vegetable
84 cured_pork protein
85 currant vegetable
86 date vegetable
87 dill vegetable
88 eel protein
89 egg protein
90 egg_noodle vegetableelderberry vegetableendive vegetableenokidake vegetablefennel vegetablefenugreek vegetablefeta_cheese proteinfig vegetablefish proteinflower vegetablefruit vegetablegalanga vegetablegarlic vegetablegelatin proteinginger vegetablegoat_cheese proteingrape vegetablegrapefruit vegetablegrape_juice vegetablegreen_bell_pepper vegetablegreen_tea vegetablegruyere_cheese proteinhaddock proteinham proteinhazelnut proteinhoney vegetablehorseradish vegetable juniper_berry vegetablekale vegetablekatsuobushi proteinkelp vegetablekidney_bean proteinkiwi vegetablelamb proteinlard proteinlavender vegetableleek vegetablelemon vegetablelemongrass vegetablelemon_juice vegetablelemon_peel vegetablelentil proteinlettuce vegetablelicorice vegetablelima_bean proteinlime vegetablelime_juice vegetablelime_peel_oil vegetableliver proteinlobster proteinlovage vegetablemacadamia_nut proteinmacaroni starchmace vegetablemalt starchmandarin vegetablemandarin_peel vegetablemango vegetablemaple_syrup vegetablemarjoram vegetablematsutake vegetablemeat proteinmelon vegetablemilk proteinmilk_fat proteinmint vegetablemozzarella_cheese proteinmushroom vegetablemussel proteinmustard vegetablenectarine vegetablenut proteinnutmeg vegetableoat starchoatmeal starchoctopus proteinokra vegetableolive vegetableolive_oil vegetableonion vegetableorange vegetableorange_flower vegetableorange_juice vegetableorange_peel vegetableoregano vegetableouzo starchoyster proteinpapaya vegetableparmesan_cheese proteinparsley vegetableparsnip vegetablepassion_fruit vegetablepea starchpeach vegetablepeanut proteinpeanut_butter proteinpeanut_oil vegetablepear vegetablepear_brandy vegetablepecan proteinpepper vegetablepeppermint vegetablepimento vegetablepineapple vegetablepistachio protein
91 plum vegetable
92 popcorn starch
93 porcini vegetable
94 pork protein
95 pork_sausage protein
96 port_wine starch
97 potato starch
98 potato_chip starch
99 prawn protein
100 provolone_cheese protein
101 pumpkin vegetable
102 radish vegetable
103 raisin vegetable
104 raspberry vegetable
105 red_wine vegetable
106 rhubarb vegetable
107 rice starch
108 roasted_beef protein
109 roasted_peanut protein
110 roasted_pork protein
111 roasted_sesame_seed vegetable
112 romano_cheese protein
113 root starch
114 rose vegetable
115 rosemary vegetable
116 rum vegetable
117 rye_bread starch
118 saffron vegetable
119 sage vegetable
120 sake vegetable
121 salmon protein
122 sauerkraut vegetable
123 savory vegetable
124 scallion vegetable
125 scallop protein
126 seaweed vegetable
127 seed protein
128 sesame_oil vegetable
129 sesame_seed protein
130 shallot vegetable
131 shellfish protein
132 sherry starch
133 shiitake vegetable
134 shrimp protein
135 smoke vegetable
136 smoked_salmon protein
137 smoked_sausage protein
138 sour_milk protein
139 soybean protein
140 soy_sauce vegetable
141 squash vegetable
142 squid protein
143 star_anise vegetable
144 starch starch
145 strawberry vegetable
146 sumac vegetable
147 sweet_potato starch
148 swiss_cheese protein
149 tabasco_pepper vegetable
150 tamarind vegetable
151 tangerine vegetable
152 tarragon vegetable
153 tea vegetable
154 tequila vegetable
155 thai_pepper vegetable
156 thyme vegetable
157 tomato vegetable
158 tomato_juice vegetable
159 truffle vegetable
160 tuna protein
161 turkey protein
162 turmeric vegetable
163 turnip vegetable
164 vanilla vegetable
165 veal protein
166 vegetable vegetable
167 vegetable_oil vegetable
168 vinegar vegetable
169 walnut protein
170 wasabi vegetable
171 watercress vegetable
172 watermelon vegetable
173 wheat starch
174 whiskey vegetable
175 white_bread starch
176 white_wine vegetable
177 whole_grain_wheat_flour starch
178 wine vegetable
179 yeast vegetable
180 yogurt protein
181 zucchini vegetable
