0 5
0 3
1 7
1 1
2 7
2 1
3 7
3 3
4 7
4 3
5 7
6 7
7 7
7 2
8 5
8 2
9 7
9 3
10 6
11 7
11 1
12 7
12 1
13 5
13 6
14 5
15 5
15 4
16 6
16 4
17 7
18 7
19 7
19 3
20 7
20 3
21 5
21 6
22 7
22 3
23 7
23 1
24 7
24 1
25 7
25 3
26 5
27 2
27 4
28 6
28 4
29 6
29 4
30 6
31 7
32 6
33 7
34 6
35 5
35 2
36 5
36 4
37 7
38 1
38 3
39 7
39 1
40 7
40 1
41 7
41 3
42 7
43 7
43 3
44 6
45 7
46 7
46 1
47 7
48 7
48 2
49 6
50 7
50 1
51 4
52 7
53 5
54 5
55 7
55 3
56 4
56 3
57 5
58 5
58 4
59 5
59 6
60 1
61 7
62 7
62 1
63 4
63 3
64 7
64 1
65 1
66 7
66 3
67 5
68 3
68 1
69 3
69 2
70 5
71 1
71 4
72 3
72 4
73 7
73 1
74 7
74 6
75 6
76 6
77 5
78 5
79 7
79 3
80 2
80 4
81 5
82 7
82 3
83 7
83 1
84 5
84 2
85 7
85 3
86 1
86 3
87 7
87 1
88 5
89 5
90 6
91 1
91 3
92 7
93 7
94 7
94 1
95 7
95 1
96 5
97 7
97 3
98 5
99 7
99 1
100 7
100 3
101 7
101 3
102 7
103 5
104 7
104 1
105 5
106 7
106 3
107 7
107 3
108 3
108 4
109 7
110 1
110 4
111 5
112 5
113 5
114 5
114 3
115 3
115 1
116 7
117 7
117 1
118 7
119 5
119 1
120 7
121 5
121 6
122 7
122 3
123 5
124 2
125 7
125 1
126 7
127 3
127 4
128 7
128 1
129 3
129 4
130 1
130 3
131 5
131 6
132 7
133 1
134 5
134 6
135 3
135 4
136 3
136 4
137 3
137 2
138 5
139 5
140 7
141 2
141 3
142 6
143 7
143 1
144 6
145 7
145 3
146 1
146 3
147 7
147 3
148 7
148 1
149 7
149 1
150 7
150 5
151 5
152 7
152 3
153 5
153 4
154 2
154 4
155 7
155 1
156 5
157 7
158 5
159 7
160 7
160 3
161 5
161 2
162 7
162 1
163 6
164 6
165 5
166 7
167 7
167 3
167 2
168 3
168 2
168 4
169 7
170 7
170 3
171 3
171 1
172 4
172 3
173 3
173 1
174 7
174 1
175 4
176 5
177 7
177 3
178 5
179 7
179 1
180 7
181 7
181 3
182 6
182 7
183 7
183 3
184 5
184 3
185 5
186 7
186 2
187 7
187 3
188 3
188 4
189 5
189 3
190 7
190 1
191 7
191 1
192 7
193 7
193 3
194 5
194 3
195 7
195 3
196 6
197 7
197 1
198 5
199 5
200 3
200 4
201 6
202 6
203 5
204 5
205 7
206 7
207 7
207 3
208 7
208 3
209 3
209 4
210 7
210 3
211 6
212 5
213 5
213 3
214 5
215 2
215 1
216 5
217 6
218 7
218 1
219 7
219 1
220 7
220 4
221 6
222 7
222 1
223 7
223 1
224 7
224 4
225 5
226 7
227 7
227 1
228 7
228 1
229 5
230 7
231 5
232 2
232 4
233 5
233 3
234 7
235 5
236 3
236 4
237 7
238 5
239 1
240 5
241 5
242 5
242 4
243 5
243 6
244 1
244 4
245 7
246 5
247 7
247 1
248 6
249 7
249 3
250 7
250 1
251 6
252 5
253 7
253 1
254 7
254 3
255 7
255 3
256 7
256 1
257 1
257 4
258 7
258 4
259 7
259 1
260 7
260 1
261 7
262 7
262 4
263 7
264 5
265 5
266 1
267 7
268 3
268 1
269 5
270 7
271 7
271 2
272 4
272 3
273 5
273 3
274 7
274 1
275 7
276 7
276 3
277 6
278 7
278 4
279 6
280 7
280 4
281 6
282 3
282 4
283 7
283 1
284 5
284 4
285 7
